<?xml version="1.0" encoding="UTF-8"?>
<!-- Generated by org.testng.reporters.JUnitXMLReporter -->
<testsuite hostname="abc-PC" ignored="0" name="Default test" tests="2" failures="0" timestamp="25 Nov 2019 13:27:30 GMT" time="192.831" errors="0">
  <testcase name="clikingoncustomerlink" time="32.031" classname="com.prestashop.TestClasses.CustomerPageTest"/>
  <testcase name="verifyAddNewCustomer" time="35.14" classname="com.prestashop.TestClasses.CustomerPageTest"/>
</testsuite> <!-- Default test -->
