<?xml version="1.0" encoding="UTF-8"?>
<!-- Generated by org.testng.reporters.JUnitXMLReporter -->
<testsuite hostname="abc-PC" name="Test" tests="6" failures="0" timestamp="25 Nov 2019 11:14:45 GMT" time="210.534" errors="0">
  <testcase name="loginTest" time="4.081" classname="com.prestashop.TestClasses.LoginTest"/>
  <testcase name="verifyTuckimage" time="0.19" classname="com.prestashop.TestClasses.LoginTest"/>
  <testcase name="verifyInvalidUsername" time="2.301" classname="com.prestashop.TestClasses.LoginTest"/>
  <testcase name="verifyPasswordisMandatory" time="2.007" classname="com.prestashop.TestClasses.LoginTest"/>
  <testcase name="verifyForgetPwdLink" time="1.448" classname="com.prestashop.TestClasses.LoginTest"/>
  <testcase name="verifyStayLoginCheckbox" time="1.469" classname="com.prestashop.TestClasses.LoginTest"/>
</testsuite> <!-- Test -->
