<?xml version="1.0" encoding="UTF-8"?>
<testng-results skipped="0" failed="0" ignored="0" total="2" passed="2">
  <reporter-output>
  </reporter-output>
  <suite name="Default suite" duration-ms="192831" started-at="2019-11-25T13:24:14Z" finished-at="2019-11-25T13:27:27Z">
    <groups>
    </groups>
    <test name="Default test" duration-ms="192831" started-at="2019-11-25T13:24:14Z" finished-at="2019-11-25T13:27:27Z">
      <class name="com.prestashop.TestClasses.CustomerPageTest">
        <test-method status="PASS" signature="setup()[pri:0, instance:com.prestashop.TestClasses.CustomerPageTest@f6106c]" name="setup" is-config="true" duration-ms="59862" started-at="2019-11-25T13:24:15Z" finished-at="2019-11-25T13:25:15Z">
          <reporter-output>
          </reporter-output>
        </test-method> <!-- setup -->
        <test-method status="PASS" signature="clikingoncustomerlink()[pri:1, instance:com.prestashop.TestClasses.CustomerPageTest@f6106c]" name="clikingoncustomerlink" duration-ms="32031" started-at="2019-11-25T13:25:15Z" finished-at="2019-11-25T13:25:47Z">
          <reporter-output>
          </reporter-output>
        </test-method> <!-- clikingoncustomerlink -->
        <test-method status="PASS" signature="tearDown()[pri:0, instance:com.prestashop.TestClasses.CustomerPageTest@f6106c]" name="tearDown" is-config="true" duration-ms="2" started-at="2019-11-25T13:25:47Z" finished-at="2019-11-25T13:25:47Z">
          <reporter-output>
          </reporter-output>
        </test-method> <!-- tearDown -->
        <test-method status="PASS" signature="setup()[pri:0, instance:com.prestashop.TestClasses.CustomerPageTest@f6106c]" name="setup" is-config="true" duration-ms="28138" started-at="2019-11-25T13:26:24Z" finished-at="2019-11-25T13:26:52Z">
          <reporter-output>
          </reporter-output>
        </test-method> <!-- setup -->
        <test-method status="PASS" signature="verifyAddNewCustomer(java.lang.String, java.lang.String)[pri:2, instance:com.prestashop.TestClasses.CustomerPageTest@f6106c]" name="verifyAddNewCustomer" duration-ms="35140" started-at="2019-11-25T13:26:52Z" data-provider="getdata" finished-at="2019-11-25T13:27:27Z">
          <params>
            <param index="0">
              <value>
                <![CDATA[ram]]>
              </value>
            </param>
            <param index="1">
              <value>
                <![CDATA[ram]]>
              </value>
            </param>
          </params>
          <reporter-output>
          </reporter-output>
        </test-method> <!-- verifyAddNewCustomer -->
        <test-method status="PASS" signature="tearDown()[pri:0, instance:com.prestashop.TestClasses.CustomerPageTest@f6106c]" name="tearDown" is-config="true" duration-ms="2" started-at="2019-11-25T13:27:27Z" finished-at="2019-11-25T13:27:27Z">
          <reporter-output>
          </reporter-output>
        </test-method> <!-- tearDown -->
      </class> <!-- com.prestashop.TestClasses.CustomerPageTest -->
    </test> <!-- Default test -->
  </suite> <!-- Default suite -->
</testng-results>
